<?xml version="1.0" encoding="UTF-8"?>
<testng-results skipped="0" failed="0" total="1" passed="1">
  <reporter-output>
  </reporter-output>
  <suite name="Suite" duration-ms="17" started-at="2018-07-30T23:36:35Z" finished-at="2018-07-30T23:36:35Z">
    <groups>
    </groups>
    <test name="Test" duration-ms="17" started-at="2018-07-30T23:36:35Z" finished-at="2018-07-30T23:36:35Z">
      <class name="testmaven.TestMyFirstMaven">
        <test-method status="PASS" signature="test()" name="test" duration-ms="9" started-at="2018-07-30T23:36:35Z" finished-at="2018-07-30T23:36:35Z">
        </test-method>
      </class>
    </test>
  </suite>
</testng-results>
